
== Time: 10:10:13 Date: 2022-07-15 ==============================================
<Response [404]>
- - - - - - - - - - 


== Time: 10:10:13 Date: 2022-07-15 ==============================================
<Response [404]>
- - - - - - - - - - 


== Time: 10:10:13 Date: 2022-07-15 ==============================================
<Response [404]>
- - - - - - - - - - 
<!DOCTYPE HTML><html lang='en-us'><head><title>** Not Found **</title></head><body>HTTP Status: 404 (not found)</body></html>

== Time: 10:10:13 Date: 2022-07-15 ==============================================
<Response [404]>
- - - - - - - - - - 


== Time: 10:10:13 Date: 2022-07-15 ==============================================
<Response [404]>
- - - - - - - - - - 
<!DOCTYPE HTML><html lang='en-us'><head><title>** Not Found **</title></head><body>HTTP Status: 404 (not found)</body></html>

== Time: 10:10:13 Date: 2022-07-15 ==============================================
<Response [404]>
- - - - - - - - - - 


== Time: 10:10:13 Date: 2022-07-15 ==============================================
<Response [404]>
- - - - - - - - - - 
<!DOCTYPE HTML><html lang='en-us'><head><title>** Not Found **</title></head><body>HTTP Status: 404 (not found)</body></html>

== Time: 10:10:13 Date: 2022-07-15 ==============================================
<Response [404]>
- - - - - - - - - - 


== Time: 10:10:13 Date: 2022-07-15 ==============================================
<Response [400]>
- - - - - - - - - - 
<html>
<head><title>400 Bad Request</title></head>
<body>
<center><h1>400 Bad Request</h1></center>
</body>
</html>


== Time: 10:10:13 Date: 2022-07-15 ==============================================
<Response [404]>
- - - - - - - - - - 


== Time: 10:10:13 Date: 2022-07-15 ==============================================
<Response [404]>
- - - - - - - - - - 
<!DOCTYPE HTML><html lang='en-us'><head><title>** Not Found **</title></head><body>HTTP Status: 404 (not found)</body></html>

== Time: 10:10:13 Date: 2022-07-15 ==============================================
<Response [404]>
- - - - - - - - - - 


== Time: 10:10:13 Date: 2022-07-15 ==============================================
<Response [400]>
- - - - - - - - - - 
<html>
<head><title>400 Bad Request</title></head>
<body>
<center><h1>400 Bad Request</h1></center>
</body>
</html>


== Time: 10:10:13 Date: 2022-07-15 ==============================================
<Response [404]>
- - - - - - - - - - 


== Time: 10:10:13 Date: 2022-07-15 ==============================================
<Response [404]>
- - - - - - - - - - 
<!DOCTYPE HTML><html lang='en-us'><head><title>** Not Found **</title></head><body>HTTP Status: 404 (not found)</body></html>

== Time: 10:10:13 Date: 2022-07-15 ==============================================
<Response [404]>
- - - - - - - - - - 


== Time: 10:10:13 Date: 2022-07-15 ==============================================
<Response [400]>
- - - - - - - - - - 
<html>
<head><title>400 Bad Request</title></head>
<body>
<center><h1>400 Bad Request</h1></center>
</body>
</html>


== Time: 10:10:13 Date: 2022-07-15 ==============================================
<Response [404]>
- - - - - - - - - - 


== Time: 10:10:13 Date: 2022-07-15 ==============================================
<Response [404]>
- - - - - - - - - - 
<!DOCTYPE HTML><html lang='en-us'><head><title>** Not Found **</title></head><body>HTTP Status: 404 (not found)</body></html>

== Time: 10:10:13 Date: 2022-07-15 ==============================================
<Response [404]>
- - - - - - - - - - 


== Time: 10:10:13 Date: 2022-07-15 ==============================================
<Response [400]>
- - - - - - - - - - 
<html>
<head><title>400 Bad Request</title></head>
<body>
<center><h1>400 Bad Request</h1></center>
</body>
</html>


== Time: 10:10:13 Date: 2022-07-15 ==============================================
<Response [404]>
- - - - - - - - - - 


== Time: 10:10:13 Date: 2022-07-15 ==============================================
<Response [404]>
- - - - - - - - - - 
<!DOCTYPE HTML><html lang='en-us'><head><title>** Not Found **</title></head><body>HTTP Status: 404 (not found)</body></html>

== Time: 10:10:13 Date: 2022-07-15 ==============================================
<Response [404]>
- - - - - - - - - - 


== Time: 10:10:13 Date: 2022-07-15 ==============================================
<Response [400]>
- - - - - - - - - - 
<html>
<head><title>400 Bad Request</title></head>
<body>
<center><h1>400 Bad Request</h1></center>
</body>
</html>


== Time: 10:10:13 Date: 2022-07-15 ==============================================
<Response [404]>
- - - - - - - - - - 


== Time: 10:10:13 Date: 2022-07-15 ==============================================
<Response [404]>
- - - - - - - - - - 
<!DOCTYPE HTML><html lang='en-us'><head><title>** Not Found **</title></head><body>HTTP Status: 404 (not found)</body></html>

== Time: 10:10:13 Date: 2022-07-15 ==============================================
<Response [404]>
- - - - - - - - - - 


== Time: 10:10:13 Date: 2022-07-15 ==============================================
<Response [400]>
- - - - - - - - - - 
<html>
<head><title>400 Bad Request</title></head>
<body>
<center><h1>400 Bad Request</h1></center>
</body>
</html>


== Time: 10:10:13 Date: 2022-07-15 ==============================================
<Response [404]>
- - - - - - - - - - 

